ERROR:root:Scraping Exception for url: http://www.ukpol.co.uk/david-cameron-2012-transcript-of-qa-at-zayed-university-abu-dhabi/
Traceback (most recent call last):
  File "scripts/speech_scrape.py", line 54, in scrape_speech
    speech_dict["speech_context"] = extract_speech_context(content)
  File "scripts/speech_scrape.py", line 80, in extract_speech_context
    return context_tag.text
AttributeError: 'NoneType' object has no attribute 'text'
ERROR:root:Scraping Exception for url: http://www.ukpol.co.uk/clare-short-2003-resignation-statement/
Traceback (most recent call last):
  File "scripts/speech_scrape.py", line 54, in scrape_speech
    speech_dict["speech_context"] = extract_speech_context(content)
  File "scripts/speech_scrape.py", line 80, in extract_speech_context
    return context_tag.text
AttributeError: 'NoneType' object has no attribute 'text'
ERROR:root:Scraping Exception for url: http://www.ukpol.co.uk/theresa-may-2017-speech-on-exiting-the-european-union/
Traceback (most recent call last):
  File "scripts/speech_scrape.py", line 54, in scrape_speech
    speech_dict["speech_context"] = extract_speech_context(content)
  File "scripts/speech_scrape.py", line 80, in extract_speech_context
    return context_tag.text
AttributeError: 'NoneType' object has no attribute 'text'
ERROR:root:Scraping Exception for url: http://www.ukpol.co.uk/hilary-benn-why-natural-environment-matters/
Traceback (most recent call last):
  File "scripts/speech_scrape.py", line 54, in scrape_speech
    speech_dict["speech_context"] = extract_speech_context(content)
  File "scripts/speech_scrape.py", line 80, in extract_speech_context
    return context_tag.text
AttributeError: 'NoneType' object has no attribute 'text'
ERROR:root:The url: http://www.ukpol.co.uk/sajid-javid-2017-speech-to-the-anne-frank-trust/
 returned the status code: 404
 And has not been processed.

ERROR:root:Scraping Exception for url: http://www.ukpol.co.uk/gordon-brown-2008-speech-to-the-health-service-journal/
Traceback (most recent call last):
  File "scripts/speech_scrape.py", line 54, in scrape_speech
    speech_dict["speech_context"] = extract_speech_context(content)
  File "scripts/speech_scrape.py", line 80, in extract_speech_context
    return context_tag.text
AttributeError: 'NoneType' object has no attribute 'text'
ERROR:root:Scraping Exception for url: http://www.ukpol.co.uk/viscount-samuel-1939-house-of-lords-address/
Traceback (most recent call last):
  File "scripts/speech_scrape.py", line 54, in scrape_speech
    speech_dict["speech_context"] = extract_speech_context(content)
  File "scripts/speech_scrape.py", line 80, in extract_speech_context
    return context_tag.text
AttributeError: 'NoneType' object has no attribute 'text'
ERROR:root:Scraping Exception for url: http://www.ukpol.co.uk/john-major-1994-conservative-party-conference-speech/
Traceback (most recent call last):
  File "scripts/speech_scrape.py", line 54, in scrape_speech
    speech_dict["speech_context"] = extract_speech_context(content)
  File "scripts/speech_scrape.py", line 80, in extract_speech_context
    return context_tag.text
AttributeError: 'NoneType' object has no attribute 'text'
ERROR:root:Scraping Exception for url: http://www.ukpol.co.uk/harriet-harman-2009-speech-to-the-welsh-labour-party-conference/
Traceback (most recent call last):
  File "scripts/speech_scrape.py", line 54, in scrape_speech
    speech_dict["speech_context"] = extract_speech_context(content)
  File "scripts/speech_scrape.py", line 80, in extract_speech_context
    return context_tag.text
AttributeError: 'NoneType' object has no attribute 'text'
ERROR:root:Scraping Exception for url: http://www.ukpol.co.uk/queen-elizabeth-ii-1977-jubilee-speech-to-parliament/
Traceback (most recent call last):
  File "scripts/speech_scrape.py", line 54, in scrape_speech
    speech_dict["speech_context"] = extract_speech_context(content)
  File "scripts/speech_scrape.py", line 80, in extract_speech_context
    return context_tag.text
AttributeError: 'NoneType' object has no attribute 'text'
ERROR:root:Scraping Exception for url: http://www.ukpol.co.uk/douglas-hurd-1974-maiden-speech-in-the-house-of-commons/
Traceback (most recent call last):
  File "scripts/speech_scrape.py", line 54, in scrape_speech
    speech_dict["speech_context"] = extract_speech_context(content)
  File "scripts/speech_scrape.py", line 80, in extract_speech_context
    return context_tag.text
AttributeError: 'NoneType' object has no attribute 'text'
ERROR:root:Scraping Exception for url: http://www.ukpol.co.uk/sir-john-major-1991-conservative-party-conference-speech/
Traceback (most recent call last):
  File "scripts/speech_scrape.py", line 54, in scrape_speech
    speech_dict["speech_context"] = extract_speech_context(content)
  File "scripts/speech_scrape.py", line 80, in extract_speech_context
    return context_tag.text
AttributeError: 'NoneType' object has no attribute 'text'
ERROR:root:Scraping Exception for url: http://www.ukpol.co.uk/john-major-1995-conservative-party-conference-speech/
Traceback (most recent call last):
  File "scripts/speech_scrape.py", line 54, in scrape_speech
    speech_dict["speech_context"] = extract_speech_context(content)
  File "scripts/speech_scrape.py", line 80, in extract_speech_context
    return context_tag.text
AttributeError: 'NoneType' object has no attribute 'text'
ERROR:root:Scraping Exception for url: http://www.ukpol.co.uk/alistair-darling-2008-budget/
Traceback (most recent call last):
  File "scripts/speech_scrape.py", line 54, in scrape_speech
    speech_dict["speech_context"] = extract_speech_context(content)
  File "scripts/speech_scrape.py", line 80, in extract_speech_context
    return context_tag.text
AttributeError: 'NoneType' object has no attribute 'text'
ERROR:root:Scraping Exception for url: http://www.ukpol.co.uk/david-cameron-2007-speech-on-music/
Traceback (most recent call last):
  File "scripts/speech_scrape.py", line 54, in scrape_speech
    speech_dict["speech_context"] = extract_speech_context(content)
  File "scripts/speech_scrape.py", line 80, in extract_speech_context
    return context_tag.text
AttributeError: 'NoneType' object has no attribute 'text'
ERROR:root:Scraping Exception for url: http://www.ukpol.co.uk/william-hague-2008-conservative-party-conference-speech/
Traceback (most recent call last):
  File "scripts/speech_scrape.py", line 54, in scrape_speech
    speech_dict["speech_context"] = extract_speech_context(content)
  File "scripts/speech_scrape.py", line 80, in extract_speech_context
    return context_tag.text
AttributeError: 'NoneType' object has no attribute 'text'
ERROR:root:Scraping Exception for url: http://www.ukpol.co.uk/john-major-1993-conservative-party-conference-speech/
Traceback (most recent call last):
  File "scripts/speech_scrape.py", line 54, in scrape_speech
    speech_dict["speech_context"] = extract_speech_context(content)
  File "scripts/speech_scrape.py", line 80, in extract_speech_context
    return context_tag.text
AttributeError: 'NoneType' object has no attribute 'text'
ERROR:root:Scraping Exception for url: http://www.ukpol.co.uk/winston-churchill-1941-speech-in-the-house-of-commons-following-the-japan-attack-on-the-usa/
Traceback (most recent call last):
  File "scripts/speech_scrape.py", line 54, in scrape_speech
    speech_dict["speech_context"] = extract_speech_context(content)
  File "scripts/speech_scrape.py", line 80, in extract_speech_context
    return context_tag.text
AttributeError: 'NoneType' object has no attribute 'text'
ERROR:root:Scraping Exception for url: http://www.ukpol.co.uk/queen-elizabeth-ii-2007-christmas-broadcast/
Traceback (most recent call last):
  File "scripts/speech_scrape.py", line 54, in scrape_speech
    speech_dict["speech_context"] = extract_speech_context(content)
  File "scripts/speech_scrape.py", line 80, in extract_speech_context
    return context_tag.text
AttributeError: 'NoneType' object has no attribute 'text'
ERROR:root:Scraping Exception for url: http://www.ukpol.co.uk/wp-content/uploads/2015/09/blunkettspeech2001.pdf
Traceback (most recent call last):
  File "scripts/speech_scrape.py", line 53, in scrape_speech
    speech_dict["date_published"] = extract_date_published(content)
  File "scripts/speech_scrape.py", line 67, in extract_date_published
    time_tag = content.find('time', class_="published")
AttributeError: 'NoneType' object has no attribute 'find'
ERROR:root:Scraping Exception for url: http://www.ukpol.co.uk/john-major-1992-conservative-party-conference-speech/
Traceback (most recent call last):
  File "scripts/speech_scrape.py", line 54, in scrape_speech
    speech_dict["speech_context"] = extract_speech_context(content)
  File "scripts/speech_scrape.py", line 80, in extract_speech_context
    return context_tag.text
AttributeError: 'NoneType' object has no attribute 'text'
ERROR:root:The url: http://www.ukpol.co.uk/dominic-grieve-2017-speech-on-withdrawal-from-the-eu/
 returned the status code: 404
 And has not been processed.

ERROR:root:Scraping Exception for url: http://www.ukpol.co.uk/theresa-may-2018-speech-on-brexit/
Traceback (most recent call last):
  File "scripts/speech_scrape.py", line 54, in scrape_speech
    speech_dict["speech_context"] = extract_speech_context(content)
  File "scripts/speech_scrape.py", line 80, in extract_speech_context
    return context_tag.text
AttributeError: 'NoneType' object has no attribute 'text'
ERROR:root:Scraping Exception for url: http://www.ukpol.co.uk/tag/patel-bullying/
Traceback (most recent call last):
  File "scripts/speech_scrape.py", line 54, in scrape_speech
    speech_dict["speech_context"] = extract_speech_context(content)
  File "scripts/speech_scrape.py", line 80, in extract_speech_context
    return context_tag.text
AttributeError: 'NoneType' object has no attribute 'text'
ERROR:root:Scraping Exception for url: http://www.ukpol.co.uk/george-osborne-2008-speech-to-the-annual-cps-lecture/
Traceback (most recent call last):
  File "scripts/speech_scrape.py", line 54, in scrape_speech
    speech_dict["speech_context"] = extract_speech_context(content)
  File "scripts/speech_scrape.py", line 80, in extract_speech_context
    return context_tag.text
AttributeError: 'NoneType' object has no attribute 'text'
ERROR:root:Scraping Exception for url: http://www.ukpol.co.uk/peter-ainsworth-2008-conservative-party-conference-speech/
Traceback (most recent call last):
  File "scripts/speech_scrape.py", line 54, in scrape_speech
    speech_dict["speech_context"] = extract_speech_context(content)
  File "scripts/speech_scrape.py", line 80, in extract_speech_context
    return context_tag.text
AttributeError: 'NoneType' object has no attribute 'text'
ERROR:root:Scraping Exception for url: http://www.ukpol.co.uk/iain-duncan-smith-2003-centre-for-policy-studies-speech/
Traceback (most recent call last):
  File "scripts/speech_scrape.py", line 54, in scrape_speech
    speech_dict["speech_context"] = extract_speech_context(content)
  File "scripts/speech_scrape.py", line 80, in extract_speech_context
    return context_tag.text
AttributeError: 'NoneType' object has no attribute 'text'
ERROR:root:Scraping Exception for url: http://www.ukpol.co.uk/simon-hughes-2008-liberal-democrat-conference-speech/
Traceback (most recent call last):
  File "scripts/speech_scrape.py", line 54, in scrape_speech
    speech_dict["speech_context"] = extract_speech_context(content)
  File "scripts/speech_scrape.py", line 80, in extract_speech_context
    return context_tag.text
AttributeError: 'NoneType' object has no attribute 'text'
ERROR:root:Scraping Exception for url: http://www.ukpol.co.uk/jacqui-smith-2008-speech-to-the-conference-of-european-organised-crime/
Traceback (most recent call last):
  File "scripts/speech_scrape.py", line 54, in scrape_speech
    speech_dict["speech_context"] = extract_speech_context(content)
  File "scripts/speech_scrape.py", line 80, in extract_speech_context
    return context_tag.text
AttributeError: 'NoneType' object has no attribute 'text'
ERROR:root:Scraping Exception for url: http://www.ukpol.co.uk/john-major-1996-conservative-party-conference-speech/
Traceback (most recent call last):
  File "scripts/speech_scrape.py", line 54, in scrape_speech
    speech_dict["speech_context"] = extract_speech_context(content)
  File "scripts/speech_scrape.py", line 80, in extract_speech_context
    return context_tag.text
AttributeError: 'NoneType' object has no attribute 'text'
ERROR:root:Scraping Exception for url: http://www.ukpol.co.uk/theresa-may-2008-conservative-party-conference-speech/
Traceback (most recent call last):
  File "scripts/speech_scrape.py", line 54, in scrape_speech
    speech_dict["speech_context"] = extract_speech_context(content)
  File "scripts/speech_scrape.py", line 80, in extract_speech_context
    return context_tag.text
AttributeError: 'NoneType' object has no attribute 'text'
ERROR:root:Scraping Exception for url: http://www.ukpol.co.uk/alex-salmond-2004-scottish-national-party-conference-speech/
Traceback (most recent call last):
  File "scripts/speech_scrape.py", line 54, in scrape_speech
    speech_dict["speech_context"] = extract_speech_context(content)
  File "scripts/speech_scrape.py", line 80, in extract_speech_context
    return context_tag.text
AttributeError: 'NoneType' object has no attribute 'text'
ERROR:root:Scraping Exception for url: http://www.ukpol.co.uk/francis-maude-2000-speech-on-nations-and-networks/
Traceback (most recent call last):
  File "scripts/speech_scrape.py", line 54, in scrape_speech
    speech_dict["speech_context"] = extract_speech_context(content)
  File "scripts/speech_scrape.py", line 80, in extract_speech_context
    return context_tag.text
AttributeError: 'NoneType' object has no attribute 'text'
